<?xml version="1.0" encoding="UTF-8"?>
<coverage generated="1707386659560" clover="3.2.0">
  <project timestamp="1707386659560" name="All files">
    <metrics statements="71" coveredstatements="67" conditionals="15" coveredconditionals="13" methods="13" coveredmethods="12" elements="99" coveredelements="92" complexity="0" loc="71" ncloc="71" packages="2" files="5" classes="5"/>
    <package name="game">
      <metrics statements="66" coveredstatements="62" conditionals="15" coveredconditionals="13" methods="12" coveredmethods="11"/>
      <file name="computeLine.ts" path="/Users/guillaumemunsch/Projects/2048/src/game/computeLine.ts">
        <metrics statements="15" coveredstatements="15" conditionals="8" coveredconditionals="7" methods="2" coveredmethods="2"/>
        <line num="1" count="3" type="stmt"/>
        <line num="3" count="3" type="cond" truecount="1" falsecount="0"/>
        <line num="4" count="28" type="cond" truecount="0" falsecount="1"/>
        <line num="5" count="112" type="stmt"/>
        <line num="7" count="28" type="cond" truecount="2" falsecount="0"/>
        <line num="9" count="28" type="stmt"/>
        <line num="11" count="28" type="stmt"/>
        <line num="12" count="35" type="cond" truecount="2" falsecount="0"/>
        <line num="13" count="19" type="stmt"/>
        <line num="14" count="19" type="stmt"/>
        <line num="16" count="16" type="stmt"/>
        <line num="19" count="28" type="stmt"/>
        <line num="20" count="77" type="stmt"/>
        <line num="22" count="28" type="cond" truecount="2" falsecount="0"/>
        <line num="25" count="3" type="stmt"/>
      </file>
      <file name="computeNewMapFromInput.ts" path="/Users/guillaumemunsch/Projects/2048/src/game/computeNewMapFromInput.ts">
        <metrics statements="22" coveredstatements="22" conditionals="6" coveredconditionals="5" methods="4" coveredmethods="4"/>
        <line num="1" count="3" type="stmt"/>
        <line num="2" count="3" type="stmt"/>
        <line num="4" count="3" type="stmt"/>
        <line num="5" count="6" type="stmt"/>
        <line num="7" count="24" type="stmt"/>
        <line num="11" count="3" type="stmt"/>
        <line num="12" count="6" type="stmt"/>
        <line num="13" count="6" type="cond" truecount="0" falsecount="1"/>
        <line num="15" count="6" type="stmt"/>
        <line num="22" count="6" type="cond" truecount="2" falsecount="0"/>
        <line num="23" count="4" type="stmt"/>
        <line num="24" count="16" type="stmt"/>
        <line num="26" count="2" type="cond" truecount="1" falsecount="0"/>
        <line num="27" count="2" type="stmt"/>
        <line num="28" count="8" type="stmt"/>
        <line num="29" count="8" type="stmt"/>
        <line num="30" count="32" type="stmt"/>
        <line num="31" count="32" type="stmt"/>
        <line num="33" count="8" type="stmt"/>
        <line num="34" count="8" type="stmt"/>
        <line num="35" count="32" type="stmt"/>
        <line num="39" count="6" type="stmt"/>
      </file>
      <file name="findEmptyCoordinates.ts" path="/Users/guillaumemunsch/Projects/2048/src/game/findEmptyCoordinates.ts">
        <metrics statements="10" coveredstatements="10" conditionals="1" coveredconditionals="1" methods="1" coveredmethods="1"/>
        <line num="3" count="4" type="stmt"/>
        <line num="4" count="5" type="stmt"/>
        <line num="6" count="5" type="stmt"/>
        <line num="7" count="20" type="stmt"/>
        <line num="8" count="20" type="stmt"/>
        <line num="9" count="80" type="stmt"/>
        <line num="10" count="80" type="cond" truecount="1" falsecount="0"/>
        <line num="11" count="51" type="stmt"/>
        <line num="15" count="5" type="stmt"/>
        <line num="18" count="4" type="stmt"/>
      </file>
      <file name="game.ts" path="/Users/guillaumemunsch/Projects/2048/src/game/game.ts">
        <metrics statements="19" coveredstatements="15" conditionals="0" coveredconditionals="0" methods="5" coveredmethods="4"/>
        <line num="1" count="3" type="stmt"/>
        <line num="2" count="3" type="stmt"/>
        <line num="3" count="3" type="stmt"/>
        <line num="5" count="3" type="stmt"/>
        <line num="35" count="3" type="stmt"/>
        <line num="42" count="12" type="stmt"/>
        <line num="44" count="3" type="stmt"/>
        <line num="45" count="1" type="stmt"/>
        <line num="47" count="3" type="stmt"/>
        <line num="48" count="3" type="stmt"/>
        <line num="49" count="3" type="stmt"/>
        <line num="51" count="3" type="stmt"/>
        <line num="55" count="3" type="stmt"/>
        <line num="56" count="3" type="stmt"/>
        <line num="59" count="3" type="stmt"/>
        <line num="60" count="0" type="stmt"/>
        <line num="61" count="0" type="stmt"/>
        <line num="62" count="0" type="stmt"/>
        <line num="63" count="0" type="stmt"/>
      </file>
    </package>
    <package name="utils">
      <metrics statements="5" coveredstatements="5" conditionals="0" coveredconditionals="0" methods="1" coveredmethods="1"/>
      <file name="generateRandomNumber.ts" path="/Users/guillaumemunsch/Projects/2048/src/utils/generateRandomNumber.ts">
        <metrics statements="5" coveredstatements="5" conditionals="0" coveredconditionals="0" methods="1" coveredmethods="1"/>
        <line num="1" count="3" type="stmt"/>
        <line num="2" count="6" type="stmt"/>
        <line num="4" count="6" type="stmt"/>
        <line num="6" count="6" type="stmt"/>
        <line num="9" count="3" type="stmt"/>
      </file>
    </package>
  </project>
</coverage>
