<?xml version="1.0" encoding="UTF-8"?>
<coverage generated="1707158343185" clover="3.2.0">
  <project timestamp="1707158343185" name="All files">
    <metrics statements="31" coveredstatements="31" conditionals="11" coveredconditionals="10" methods="7" coveredmethods="7" elements="49" coveredelements="48" complexity="0" loc="31" ncloc="31" packages="1" files="2" classes="2"/>
    <file name="computeNewMapFromInput.ts" path="/Users/guillaumemunsch/Projects/2048/src/game/computeNewMapFromInput.ts">
      <metrics statements="18" coveredstatements="18" conditionals="11" coveredconditionals="10" methods="4" coveredmethods="4"/>
      <line num="3" count="1" type="stmt"/>
      <line num="4" count="12" type="cond" truecount="2" falsecount="0"/>
      <line num="7" count="1" type="stmt"/>
      <line num="8" count="3" type="stmt"/>
      <line num="9" count="3" type="cond" truecount="0" falsecount="1"/>
      <line num="11" count="3" type="stmt"/>
      <line num="18" count="3" type="cond" truecount="1" falsecount="0"/>
      <line num="19" count="3" type="stmt"/>
      <line num="20" count="12" type="stmt"/>
      <line num="21" count="12" type="stmt"/>
      <line num="22" count="43" type="stmt"/>
      <line num="23" count="43" type="cond" truecount="2" falsecount="0"/>
      <line num="24" count="12" type="cond" truecount="4" falsecount="0"/>
      <line num="25" count="5" type="stmt"/>
      <line num="26" count="5" type="stmt"/>
      <line num="27" count="7" type="cond" truecount="1" falsecount="0"/>
      <line num="28" count="7" type="stmt"/>
      <line num="33" count="3" type="stmt"/>
    </file>
    <file name="game.ts" path="/Users/guillaumemunsch/Projects/2048/src/game/game.ts">
      <metrics statements="13" coveredstatements="13" conditionals="0" coveredconditionals="0" methods="3" coveredmethods="3"/>
      <line num="1" count="1" type="stmt"/>
      <line num="2" count="1" type="stmt"/>
      <line num="18" count="1" type="stmt"/>
      <line num="19" count="2" type="stmt"/>
      <line num="22" count="2" type="stmt"/>
      <line num="28" count="2" type="stmt"/>
      <line num="29" count="2" type="stmt"/>
      <line num="32" count="2" type="stmt"/>
      <line num="33" count="2" type="stmt"/>
      <line num="36" count="2" type="stmt"/>
      <line num="37" count="4" type="stmt"/>
      <line num="39" count="4" type="stmt"/>
      <line num="43" count="4" type="stmt"/>
    </file>
  </project>
</coverage>
