{"/Users/guillaumemunsch/Projects/2048/src/game/computeLine.ts": {"path":"/Users/guillaumemunsch/Projects/2048/src/game/computeLine.ts","statementMap":{"0":{"start":{"line":1,"column":0},"end":{"line":1,"column":40}},"1":{"start":{"line":3,"column":20},"end":{"line":23,"column":1}},"2":{"start":{"line":4,"column":2},"end":{"line":4,"column":77}},"3":{"start":{"line":4,"column":38},"end":{"line":4,"column":77}},"4":{"start":{"line":5,"column":21},"end":{"line":5,"column":62}},"5":{"start":{"line":5,"column":51},"end":{"line":5,"column":61}},"6":{"start":{"line":7,"column":31},"end":{"line":7,"column":76}},"7":{"start":{"line":9,"column":33},"end":{"line":9,"column":35}},"8":{"start":{"line":11,"column":2},"end":{"line":18,"column":3}},"9":{"start":{"line":11,"column":15},"end":{"line":11,"column":16}},"10":{"start":{"line":12,"column":4},"end":{"line":17,"column":5}},"11":{"start":{"line":13,"column":6},"end":{"line":13,"column":53}},"12":{"start":{"line":14,"column":6},"end":{"line":14,"column":10}},"13":{"start":{"line":16,"column":6},"end":{"line":16,"column":49}},"14":{"start":{"line":19,"column":2},"end":{"line":21,"column":3}},"15":{"start":{"line":19,"column":15},"end":{"line":19,"column":34}},"16":{"start":{"line":20,"column":4},"end":{"line":20,"column":25}},"17":{"start":{"line":22,"column":2},"end":{"line":22,"column":59}},"18":{"start":{"line":25,"column":0},"end":{"line":25,"column":27}}},"fnMap":{"0":{"name":"(anonymous_0)","decl":{"start":{"line":3,"column":20},"end":{"line":3,"column":21}},"loc":{"start":{"line":3,"column":58},"end":{"line":23,"column":1}}},"1":{"name":"(anonymous_1)","decl":{"start":{"line":5,"column":41},"end":{"line":5,"column":42}},"loc":{"start":{"line":5,"column":51},"end":{"line":5,"column":61}}}},"branchMap":{"0":{"loc":{"start":{"line":3,"column":37},"end":{"line":3,"column":54}},"type":"default-arg","locations":[{"start":{"line":3,"column":49},"end":{"line":3,"column":54}}]},"1":{"loc":{"start":{"line":4,"column":2},"end":{"line":4,"column":77}},"type":"if","locations":[{"start":{"line":4,"column":2},"end":{"line":4,"column":77}}]},"2":{"loc":{"start":{"line":7,"column":31},"end":{"line":7,"column":76}},"type":"cond-expr","locations":[{"start":{"line":7,"column":43},"end":{"line":7,"column":63}},{"start":{"line":7,"column":66},"end":{"line":7,"column":76}}]},"3":{"loc":{"start":{"line":12,"column":4},"end":{"line":17,"column":5}},"type":"if","locations":[{"start":{"line":12,"column":4},"end":{"line":17,"column":5}},{"start":{"line":15,"column":11},"end":{"line":17,"column":5}}]},"4":{"loc":{"start":{"line":22,"column":9},"end":{"line":22,"column":58}},"type":"cond-expr","locations":[{"start":{"line":22,"column":21},"end":{"line":22,"column":43}},{"start":{"line":22,"column":46},"end":{"line":22,"column":58}}]}},"s":{"0":2,"1":2,"2":27,"3":0,"4":27,"5":108,"6":27,"7":27,"8":27,"9":27,"10":33,"11":18,"12":18,"13":15,"14":27,"15":27,"16":75,"17":27,"18":2},"f":{"0":27,"1":108},"b":{"0":[2],"1":[0],"2":[17,10],"3":[18,15],"4":[17,10]}}
,"/Users/guillaumemunsch/Projects/2048/src/game/computeNewMapFromInput.ts": {"path":"/Users/guillaumemunsch/Projects/2048/src/game/computeNewMapFromInput.ts","statementMap":{"0":{"start":{"line":1,"column":0},"end":{"line":1,"column":40}},"1":{"start":{"line":2,"column":0},"end":{"line":2,"column":51}},"2":{"start":{"line":4,"column":25},"end":{"line":9,"column":1}},"3":{"start":{"line":5,"column":2},"end":{"line":8,"column":4}},"4":{"start":{"line":7,"column":23},"end":{"line":7,"column":52}},"5":{"start":{"line":12,"column":2},"end":{"line":40,"column":3}},"6":{"start":{"line":12,"column":23},"end":{"line":40,"column":3}},"7":{"start":{"line":13,"column":4},"end":{"line":13,"column":70}},"8":{"start":{"line":13,"column":32},"end":{"line":13,"column":70}},"9":{"start":{"line":15,"column":19},"end":{"line":20,"column":6}},"10":{"start":{"line":22,"column":4},"end":{"line":38,"column":5}},"11":{"start":{"line":23,"column":6},"end":{"line":25,"column":7}},"12":{"start":{"line":23,"column":26},"end":{"line":23,"column":27}},"13":{"start":{"line":24,"column":8},"end":{"line":24,"column":77}},"14":{"start":{"line":26,"column":11},"end":{"line":38,"column":5}},"15":{"start":{"line":27,"column":6},"end":{"line":37,"column":7}},"16":{"start":{"line":27,"column":26},"end":{"line":27,"column":27}},"17":{"start":{"line":28,"column":33},"end":{"line":28,"column":35}},"18":{"start":{"line":29,"column":8},"end":{"line":32,"column":9}},"19":{"start":{"line":29,"column":28},"end":{"line":29,"column":29}},"20":{"start":{"line":30,"column":26},"end":{"line":30,"column":49}},"21":{"start":{"line":31,"column":10},"end":{"line":31,"column":31}},"22":{"start":{"line":33,"column":26},"end":{"line":33,"column":67}},"23":{"start":{"line":34,"column":8},"end":{"line":36,"column":9}},"24":{"start":{"line":34,"column":28},"end":{"line":34,"column":29}},"25":{"start":{"line":35,"column":10},"end":{"line":35,"column":59}},"26":{"start":{"line":39,"column":4},"end":{"line":39,"column":18}},"27":{"start":{"line":11,"column":13},"end":{"line":11,"column":null}}},"fnMap":{"0":{"name":"(anonymous_1)","decl":{"start":{"line":4,"column":25},"end":{"line":4,"column":26}},"loc":{"start":{"line":4,"column":45},"end":{"line":9,"column":1}}},"1":{"name":"(anonymous_2)","decl":{"start":{"line":7,"column":14},"end":{"line":7,"column":15}},"loc":{"start":{"line":7,"column":23},"end":{"line":7,"column":52}}},"2":{"name":"(anonymous_3)","decl":{"start":{"line":12,"column":2},"end":{"line":12,"column":3}},"loc":{"start":{"line":12,"column":23},"end":{"line":40,"column":3}}},"3":{"name":"(anonymous_4)","decl":{"start":{"line":12,"column":23},"end":{"line":12,"column":24}},"loc":{"start":{"line":12,"column":48},"end":{"line":40,"column":3}}}},"branchMap":{"0":{"loc":{"start":{"line":6,"column":4},"end":{"line":7,"column":53}},"type":"binary-expr","locations":[{"start":{"line":6,"column":4},"end":{"line":6,"column":33}},{"start":{"line":7,"column":4},"end":{"line":7,"column":53}}]},"1":{"loc":{"start":{"line":13,"column":4},"end":{"line":13,"column":70}},"type":"if","locations":[{"start":{"line":13,"column":4},"end":{"line":13,"column":70}}]},"2":{"loc":{"start":{"line":22,"column":4},"end":{"line":38,"column":5}},"type":"if","locations":[{"start":{"line":22,"column":4},"end":{"line":38,"column":5}},{"start":{"line":26,"column":11},"end":{"line":38,"column":5}}]},"3":{"loc":{"start":{"line":26,"column":11},"end":{"line":38,"column":5}},"type":"if","locations":[{"start":{"line":26,"column":11},"end":{"line":38,"column":5}}]}},"s":{"0":1,"1":1,"2":1,"3":6,"4":24,"5":1,"6":6,"7":6,"8":0,"9":6,"10":6,"11":4,"12":4,"13":16,"14":2,"15":2,"16":2,"17":8,"18":8,"19":8,"20":32,"21":32,"22":8,"23":8,"24":8,"25":32,"26":6,"27":1},"f":{"0":6,"1":24,"2":6,"3":6},"b":{"0":[6,6],"1":[0],"2":[4,2],"3":[2]}}
,"/Users/guillaumemunsch/Projects/2048/src/game/findEmptyCoordinates.ts": {"path":"/Users/guillaumemunsch/Projects/2048/src/game/findEmptyCoordinates.ts","statementMap":{"0":{"start":{"line":3,"column":29},"end":{"line":16,"column":1}},"1":{"start":{"line":4,"column":36},"end":{"line":4,"column":38}},"2":{"start":{"line":6,"column":2},"end":{"line":14,"column":3}},"3":{"start":{"line":6,"column":15},"end":{"line":6,"column":16}},"4":{"start":{"line":7,"column":16},"end":{"line":7,"column":22}},"5":{"start":{"line":8,"column":4},"end":{"line":13,"column":5}},"6":{"start":{"line":8,"column":17},"end":{"line":8,"column":18}},"7":{"start":{"line":9,"column":19},"end":{"line":9,"column":25}},"8":{"start":{"line":10,"column":6},"end":{"line":12,"column":7}},"9":{"start":{"line":11,"column":8},"end":{"line":11,"column":40}},"10":{"start":{"line":15,"column":2},"end":{"line":15,"column":26}},"11":{"start":{"line":18,"column":0},"end":{"line":18,"column":36}}},"fnMap":{"0":{"name":"(anonymous_0)","decl":{"start":{"line":3,"column":29},"end":{"line":3,"column":30}},"loc":{"start":{"line":3,"column":49},"end":{"line":16,"column":1}}}},"branchMap":{"0":{"loc":{"start":{"line":10,"column":6},"end":{"line":12,"column":7}},"type":"if","locations":[{"start":{"line":10,"column":6},"end":{"line":12,"column":7}}]}},"s":{"0":4,"1":6,"2":6,"3":6,"4":24,"5":24,"6":24,"7":96,"8":96,"9":66,"10":6,"11":4},"f":{"0":6},"b":{"0":[66]}}
,"/Users/guillaumemunsch/Projects/2048/src/game/game.ts": {"path":"/Users/guillaumemunsch/Projects/2048/src/game/game.ts","statementMap":{"0":{"start":{"line":1,"column":0},"end":{"line":1,"column":71}},"1":{"start":{"line":2,"column":0},"end":{"line":2,"column":58}},"2":{"start":{"line":4,"column":13},"end":{"line":4,"column":32}},"3":{"start":{"line":21,"column":10},"end":{"line":21,"column":null}},"4":{"start":{"line":34,"column":2},"end":{"line":36,"column":null}},"5":{"start":{"line":35,"column":4},"end":{"line":35,"column":20}},"6":{"start":{"line":38,"column":10},"end":{"line":46,"column":null}},"7":{"start":{"line":39,"column":29},"end":{"line":39,"column":59}},"8":{"start":{"line":41,"column":6},"end":{"line":42,"column":null}},"9":{"start":{"line":45,"column":4},"end":{"line":45,"column":58}},"10":{"start":{"line":24,"column":4},"end":{"line":29,"column":6}},"11":{"start":{"line":30,"column":4},"end":{"line":30,"column":28}},"12":{"start":{"line":31,"column":4},"end":{"line":31,"column":28}},"13":{"start":{"line":20,"column":0},"end":{"line":20,"column":13}}},"fnMap":{"0":{"name":"(anonymous_1)","decl":{"start":{"line":23,"column":2},"end":{"line":23,"column":null}},"loc":{"start":{"line":23,"column":2},"end":{"line":32,"column":3}}},"1":{"name":"(anonymous_2)","decl":{"start":{"line":34,"column":11},"end":{"line":34,"column":14}},"loc":{"start":{"line":34,"column":16},"end":{"line":36,"column":3}}},"2":{"name":"(anonymous_3)","decl":{"start":{"line":38,"column":29},"end":{"line":38,"column":32}},"loc":{"start":{"line":38,"column":34},"end":{"line":46,"column":3}}}},"branchMap":{},"s":{"0":3,"1":3,"2":3,"3":2,"4":2,"5":2,"6":2,"7":4,"8":4,"9":4,"10":2,"11":2,"12":2,"13":3},"f":{"0":2,"1":2,"2":4},"b":{}}
,"/Users/guillaumemunsch/Projects/2048/src/utils/generateRandomNumber.ts": {"path":"/Users/guillaumemunsch/Projects/2048/src/utils/generateRandomNumber.ts","statementMap":{"0":{"start":{"line":1,"column":35},"end":{"line":7,"column":1}},"1":{"start":{"line":2,"column":24},"end":{"line":2,"column":37}},"2":{"start":{"line":4,"column":30},"end":{"line":4,"column":63}},"3":{"start":{"line":6,"column":2},"end":{"line":6,"column":41}},"4":{"start":{"line":9,"column":0},"end":{"line":9,"column":42}}},"fnMap":{"0":{"name":"(anonymous_0)","decl":{"start":{"line":1,"column":35},"end":{"line":1,"column":36}},"loc":{"start":{"line":1,"column":64},"end":{"line":7,"column":1}}}},"branchMap":{},"s":{"0":3,"1":8,"2":8,"3":8,"4":3},"f":{"0":8},"b":{}}
}
