TN:
SF:src/game/computeNewMapFromInput.ts
FN:3,(anonymous_0)
FN:4,(anonymous_1)
FN:8,(anonymous_2)
FN:8,(anonymous_3)
FNF:4
FNH:4
FNDA:3,(anonymous_0)
FNDA:12,(anonymous_1)
FNDA:3,(anonymous_2)
FNDA:3,(anonymous_3)
DA:3,1
DA:4,12
DA:7,1
DA:8,3
DA:9,3
DA:11,3
DA:18,3
DA:19,3
DA:20,12
DA:21,12
DA:22,43
DA:23,43
DA:24,12
DA:25,5
DA:26,5
DA:27,7
DA:28,7
DA:33,3
LF:18
LH:18
BRDA:4,0,0,3
BRDA:4,0,1,3
BRDA:9,1,0,0
BRDA:18,2,0,3
BRDA:23,3,0,31
BRDA:23,3,1,12
BRDA:24,4,0,5
BRDA:24,4,1,7
BRDA:24,5,0,12
BRDA:24,5,1,12
BRDA:27,6,0,7
BRF:11
BRH:10
end_of_record
TN:
SF:src/game/game.ts
FN:21,(anonymous_1)
FN:32,(anonymous_2)
FN:36,(anonymous_3)
FNF:3
FNH:3
FNDA:2,(anonymous_1)
FNDA:2,(anonymous_2)
FNDA:4,(anonymous_3)
DA:1,1
DA:2,1
DA:18,1
DA:19,2
DA:22,2
DA:28,2
DA:29,2
DA:32,2
DA:33,2
DA:36,2
DA:37,4
DA:39,4
DA:43,4
LF:13
LH:13
BRF:0
BRH:0
end_of_record
