TN:
SF:src/game/findEmptyCoordinates.ts
FN:3,(anonymous_0)
FNF:1
FNH:1
FNDA:4,(anonymous_0)
DA:3,2
DA:4,4
DA:6,4
DA:7,16
DA:8,16
DA:9,64
DA:10,64
DA:11,35
DA:15,4
DA:18,2
LF:10
LH:10
BRDA:10,0,0,35
BRF:1
BRH:1
end_of_record
TN:
SF:src/game/game.ts
FN:21,(anonymous_1)
FN:32,(anonymous_2)
FN:36,(anonymous_3)
FN:46,(anonymous_4)
FNF:4
FNH:3
FNDA:1,(anonymous_1)
FNDA:1,(anonymous_2)
FNDA:2,(anonymous_3)
FNDA:0,(anonymous_4)
DA:1,1
DA:2,1
DA:18,1
DA:19,1
DA:22,1
DA:28,1
DA:29,1
DA:32,1
DA:33,1
DA:36,1
DA:37,2
DA:39,2
DA:43,2
DA:46,1
DA:47,0
LF:15
LH:14
BRF:0
BRH:0
end_of_record
TN:
SF:src/utils/generateRandomNumber.ts
FN:1,(anonymous_0)
FNF:1
FNH:1
FNDA:4,(anonymous_0)
DA:1,1
DA:2,4
DA:4,4
DA:6,4
DA:9,1
LF:5
LH:5
BRF:0
BRH:0
end_of_record
